app/build/outputs/logs/manifest-merger-donate-debug-report.txt
-- Merging decision tree log ---
provider#net.i2p.android.router.provider.CacheProvider
INJECTED from src/main/AndroidManifest.xml:35:9-37:63
	android:authorities
		INJECTED from src/main/AndroidManifest.xml
		ADDED from src/main/AndroidManifest.xml:37:13-60
	android:name
		ADDED from src/main/AndroidManifest.xml:36:13-51
manifest
ADDED from src/main/AndroidManifest.xml:2:1-219:12
INJECTED from src/main/AndroidManifest.xml:2:1-219:12
INJECTED from src/main/AndroidManifest.xml:2:1-219:12
INJECTED from src/main/AndroidManifest.xml:2:1-219:12
MERGED from [:lib:client] AndroidManifest.xml:2:1-14:12
MERGED from [:lib:helper] AndroidManifest.xml:2:1-14:12
MERGED from [net.i2p.android.ext:floatingactionbutton:1.10.1] AndroidManifest.xml:2:1-14:12
MERGED from [com.android.support:support-v4:28.0.0] AndroidManifest.xml:17:1-22:12
MERGED from [com.android.support:preference-v14:28.0.0] AndroidManifest.xml:17:1-22:12
MERGED from [com.android.support:preference-v7:28.0.0] AndroidManifest.xml:17:1-22:12
MERGED from [com.android.support:appcompat-v7:28.0.0] AndroidManifest.xml:17:1-22:12
MERGED from [com.android.support:recyclerview-v7:28.0.0] AndroidManifest.xml:17:1-22:12
MERGED from [com.androidplot:androidplot-core:1.4.1] AndroidManifest.xml:21:1-30:12
MERGED from [com.eowise:recyclerview-stickyheaders:0.5.2] AndroidManifest.xml:2:1-7:12
MERGED from [com.inkapplications.viewpageindicator:library:2.4.4] AndroidManifest.xml:2:1-11:12
MERGED from [com.pnikosis:materialish-progress:1.7] AndroidManifest.xml:2:1-13:12
MERGED from [org.sufficientlysecure:html-textview:3.1] AndroidManifest.xml:2:1-13:12
MERGED from [com.android.support:support-media-compat:28.0.0] AndroidManifest.xml:17:1-22:12
MERGED from [com.android.support:support-fragment:28.0.0] AndroidManifest.xml:17:1-22:12
MERGED from [com.android.support:animated-vector-drawable:28.0.0] AndroidManifest.xml:17:1-22:12
MERGED from [com.android.support:support-core-ui:28.0.0] AndroidManifest.xml:17:1-22:12
MERGED from [com.android.support:support-core-utils:28.0.0] AndroidManifest.xml:17:1-22:12
MERGED from [com.android.support:support-vector-drawable:28.0.0] AndroidManifest.xml:17:1-22:12
MERGED from [com.android.support:loader:28.0.0] AndroidManifest.xml:17:1-22:12
MERGED from [com.android.support:viewpager:28.0.0] AndroidManifest.xml:17:1-22:12
MERGED from [com.android.support:coordinatorlayout:28.0.0] AndroidManifest.xml:17:1-22:12
MERGED from [com.android.support:drawerlayout:28.0.0] AndroidManifest.xml:17:1-22:12
MERGED from [com.android.support:slidingpanelayout:28.0.0] AndroidManifest.xml:17:1-22:12
MERGED from [com.android.support:customview:28.0.0] AndroidManifest.xml:17:1-22:12
MERGED from [com.android.support:swiperefreshlayout:28.0.0] AndroidManifest.xml:17:1-22:12
MERGED from [com.android.support:asynclayoutinflater:28.0.0] AndroidManifest.xml:17:1-22:12
MERGED from [com.android.support:support-compat:28.0.0] AndroidManifest.xml:17:1-24:12
MERGED from [com.android.support:versionedparcelable:28.0.0] AndroidManifest.xml:17:1-25:12
MERGED from [com.android.support:cursoradapter:28.0.0] AndroidManifest.xml:17:1-22:12
MERGED from [android.arch.lifecycle:runtime:1.1.1] AndroidManifest.xml:17:1-22:12
MERGED from [com.android.support:documentfile:28.0.0] AndroidManifest.xml:17:1-22:12
MERGED from [com.android.support:localbroadcastmanager:28.0.0] AndroidManifest.xml:17:1-22:12
MERGED from [com.android.support:print:28.0.0] AndroidManifest.xml:17:1-22:12
MERGED from [com.android.support:interpolator:28.0.0] AndroidManifest.xml:17:1-22:12
MERGED from [android.arch.lifecycle:viewmodel:1.1.1] AndroidManifest.xml:17:1-22:12
MERGED from [android.arch.lifecycle:livedata:1.1.1] AndroidManifest.xml:17:1-22:12
MERGED from [android.arch.lifecycle:livedata-core:1.1.1] AndroidManifest.xml:17:1-22:12
MERGED from [android.arch.core:runtime:1.1.1] AndroidManifest.xml:17:1-22:12
MERGED from [com.halfhp.fig:figlib:1.0.3] AndroidManifest.xml:2:1-11:12
INJECTED from src/main/AndroidManifest.xml:2:1-219:12
INJECTED from src/main/AndroidManifest.xml:2:1-219:12
INJECTED from src/main/AndroidManifest.xml:2:1-219:12
	package
		ADDED from src/main/AndroidManifest.xml:3:5-37
		INJECTED from src/main/AndroidManifest.xml
		INJECTED from src/main/AndroidManifest.xml
	android:sharedUserId
		ADDED from src/main/AndroidManifest.xml:5:5-35
	android:versionName
		INJECTED from src/main/AndroidManifest.xml
		ADDED from src/main/AndroidManifest.xml:2:1-219:12
		INJECTED from src/main/AndroidManifest.xml
	android:versionCode
		INJECTED from src/main/AndroidManifest.xml
		ADDED from src/main/AndroidManifest.xml:2:1-219:12
		INJECTED from src/main/AndroidManifest.xml
	xmlns:android
		ADDED from src/main/AndroidManifest.xml:2:11-69
	android:installLocation
		ADDED from src/main/AndroidManifest.xml:4:5-35
uses-sdk
ADDED from src/main/AndroidManifest.xml:7:5-8:66
INJECTED from src/main/AndroidManifest.xml:7:5-8:66
INJECTED from src/main/AndroidManifest.xml:7:5-8:66
MERGED from [:lib:client] AndroidManifest.xml:5:5-7:41
MERGED from [:lib:client] AndroidManifest.xml:5:5-7:41
MERGED from [:lib:helper] AndroidManifest.xml:5:5-7:41
MERGED from [:lib:helper] AndroidManifest.xml:5:5-7:41
MERGED from [net.i2p.android.ext:floatingactionbutton:1.10.1] AndroidManifest.xml:8:5-10:41
MERGED from [net.i2p.android.ext:floatingactionbutton:1.10.1] AndroidManifest.xml:8:5-10:41
MERGED from [com.android.support:support-v4:28.0.0] AndroidManifest.xml:20:5-44
MERGED from [com.android.support:support-v4:28.0.0] AndroidManifest.xml:20:5-44
MERGED from [com.android.support:preference-v14:28.0.0] AndroidManifest.xml:20:5-44
MERGED from [com.android.support:preference-v14:28.0.0] AndroidManifest.xml:20:5-44
MERGED from [com.android.support:preference-v7:28.0.0] AndroidManifest.xml:20:5-44
MERGED from [com.android.support:preference-v7:28.0.0] AndroidManifest.xml:20:5-44
MERGED from [com.android.support:appcompat-v7:28.0.0] AndroidManifest.xml:20:5-44
MERGED from [com.android.support:appcompat-v7:28.0.0] AndroidManifest.xml:20:5-44
MERGED from [com.android.support:recyclerview-v7:28.0.0] AndroidManifest.xml:20:5-44
MERGED from [com.android.support:recyclerview-v7:28.0.0] AndroidManifest.xml:20:5-44
MERGED from [com.androidplot:androidplot-core:1.4.1] AndroidManifest.xml:26:5-28:41
MERGED from [com.androidplot:androidplot-core:1.4.1] AndroidManifest.xml:26:5-28:41
MERGED from [com.eowise:recyclerview-stickyheaders:0.5.2] AndroidManifest.xml:5:5-43
MERGED from [com.eowise:recyclerview-stickyheaders:0.5.2] AndroidManifest.xml:5:5-43
MERGED from [com.inkapplications.viewpageindicator:library:2.4.4] AndroidManifest.xml:7:5-9:41
MERGED from [com.inkapplications.viewpageindicator:library:2.4.4] AndroidManifest.xml:7:5-9:41
MERGED from [com.pnikosis:materialish-progress:1.7] AndroidManifest.xml:7:5-9:41
MERGED from [com.pnikosis:materialish-progress:1.7] AndroidManifest.xml:7:5-9:41
MERGED from [org.sufficientlysecure:html-textview:3.1] AndroidManifest.xml:7:5-9:41
MERGED from [org.sufficientlysecure:html-textview:3.1] AndroidManifest.xml:7:5-9:41
MERGED from [com.android.support:support-media-compat:28.0.0] AndroidManifest.xml:20:5-44
MERGED from [com.android.support:support-media-compat:28.0.0] AndroidManifest.xml:20:5-44
MERGED from [com.android.support:support-fragment:28.0.0] AndroidManifest.xml:20:5-44
MERGED from [com.android.support:support-fragment:28.0.0] AndroidManifest.xml:20:5-44
MERGED from [com.android.support:animated-vector-drawable:28.0.0] AndroidManifest.xml:20:5-44
MERGED from [com.android.support:animated-vector-drawable:28.0.0] AndroidManifest.xml:20:5-44
MERGED from [com.android.support:support-core-ui:28.0.0] AndroidManifest.xml:20:5-44
MERGED from [com.android.support:support-core-ui:28.0.0] AndroidManifest.xml:20:5-44
MERGED from [com.android.support:support-core-utils:28.0.0] AndroidManifest.xml:20:5-44
MERGED from [com.android.support:support-core-utils:28.0.0] AndroidManifest.xml:20:5-44
MERGED from [com.android.support:support-vector-drawable:28.0.0] AndroidManifest.xml:20:5-44
MERGED from [com.android.support:support-vector-drawable:28.0.0] AndroidManifest.xml:20:5-44
MERGED from [com.android.support:loader:28.0.0] AndroidManifest.xml:20:5-44
MERGED from [com.android.support:loader:28.0.0] AndroidManifest.xml:20:5-44
MERGED from [com.android.support:viewpager:28.0.0] AndroidManifest.xml:20:5-44
MERGED from [com.android.support:viewpager:28.0.0] AndroidManifest.xml:20:5-44
MERGED from [com.android.support:coordinatorlayout:28.0.0] AndroidManifest.xml:20:5-44
MERGED from [com.android.support:coordinatorlayout:28.0.0] AndroidManifest.xml:20:5-44
MERGED from [com.android.support:drawerlayout:28.0.0] AndroidManifest.xml:20:5-44
MERGED from [com.android.support:drawerlayout:28.0.0] AndroidManifest.xml:20:5-44
MERGED from [com.android.support:slidingpanelayout:28.0.0] AndroidManifest.xml:20:5-44
MERGED from [com.android.support:slidingpanelayout:28.0.0] AndroidManifest.xml:20:5-44
MERGED from [com.android.support:customview:28.0.0] AndroidManifest.xml:20:5-44
MERGED from [com.android.support:customview:28.0.0] AndroidManifest.xml:20:5-44
MERGED from [com.android.support:swiperefreshlayout:28.0.0] AndroidManifest.xml:20:5-44
MERGED from [com.android.support:swiperefreshlayout:28.0.0] AndroidManifest.xml:20:5-44
MERGED from [com.android.support:asynclayoutinflater:28.0.0] AndroidManifest.xml:20:5-44
MERGED from [com.android.support:asynclayoutinflater:28.0.0] AndroidManifest.xml:20:5-44
MERGED from [com.android.support:support-compat:28.0.0] AndroidManifest.xml:20:5-44
MERGED from [com.android.support:support-compat:28.0.0] AndroidManifest.xml:20:5-44
MERGED from [com.android.support:versionedparcelable:28.0.0] AndroidManifest.xml:20:5-44
MERGED from [com.android.support:versionedparcelable:28.0.0] AndroidManifest.xml:20:5-44
MERGED from [com.android.support:cursoradapter:28.0.0] AndroidManifest.xml:20:5-44
MERGED from [com.android.support:cursoradapter:28.0.0] AndroidManifest.xml:20:5-44
MERGED from [android.arch.lifecycle:runtime:1.1.1] AndroidManifest.xml:20:5-44
MERGED from [android.arch.lifecycle:runtime:1.1.1] AndroidManifest.xml:20:5-44
MERGED from [com.android.support:documentfile:28.0.0] AndroidManifest.xml:20:5-44
MERGED from [com.android.support:documentfile:28.0.0] AndroidManifest.xml:20:5-44
MERGED from [com.android.support:localbroadcastmanager:28.0.0] AndroidManifest.xml:20:5-44
MERGED from [com.android.support:localbroadcastmanager:28.0.0] AndroidManifest.xml:20:5-44
MERGED from [com.android.support:print:28.0.0] AndroidManifest.xml:20:5-44
MERGED from [com.android.support:print:28.0.0] AndroidManifest.xml:20:5-44
MERGED from [com.android.support:interpolator:28.0.0] AndroidManifest.xml:20:5-44
MERGED from [com.android.support:interpolator:28.0.0] AndroidManifest.xml:20:5-44
MERGED from [android.arch.lifecycle:viewmodel:1.1.1] AndroidManifest.xml:20:5-44
MERGED from [android.arch.lifecycle:viewmodel:1.1.1] AndroidManifest.xml:20:5-44
MERGED from [android.arch.lifecycle:livedata:1.1.1] AndroidManifest.xml:20:5-44
MERGED from [android.arch.lifecycle:livedata:1.1.1] AndroidManifest.xml:20:5-44
MERGED from [android.arch.lifecycle:livedata-core:1.1.1] AndroidManifest.xml:20:5-44
MERGED from [android.arch.lifecycle:livedata-core:1.1.1] AndroidManifest.xml:20:5-44
MERGED from [android.arch.core:runtime:1.1.1] AndroidManifest.xml:20:5-44
MERGED from [android.arch.core:runtime:1.1.1] AndroidManifest.xml:20:5-44
MERGED from [com.halfhp.fig:figlib:1.0.3] AndroidManifest.xml:7:5-9:41
MERGED from [com.halfhp.fig:figlib:1.0.3] AndroidManifest.xml:7:5-9:41
INJECTED from src/main/AndroidManifest.xml:7:5-8:66
INJECTED from src/main/AndroidManifest.xml:7:5-8:66
	tools:overrideLibrary
		ADDED from src/main/AndroidManifest.xml:8:9-63
	xmlns:tools
		ADDED from src/main/AndroidManifest.xml:7:15-61
	android:targetSdkVersion
		INJECTED from src/main/AndroidManifest.xml
		ADDED from src/main/AndroidManifest.xml:7:5-8:66
		INJECTED from src/main/AndroidManifest.xml
	android:minSdkVersion
		INJECTED from src/main/AndroidManifest.xml
		ADDED from src/main/AndroidManifest.xml:7:5-8:66
		INJECTED from src/main/AndroidManifest.xml
uses-permission#android.permission.INTERNET
ADDED from src/main/AndroidManifest.xml:10:5-67
	android:name
		ADDED from src/main/AndroidManifest.xml:10:22-64
uses-permission#android.permission.ACCESS_NETWORK_STATE
ADDED from src/main/AndroidManifest.xml:11:5-79
	android:name
		ADDED from src/main/AndroidManifest.xml:11:22-76
uses-permission#android.permission.RECEIVE_BOOT_COMPLETED
ADDED from src/main/AndroidManifest.xml:12:5-81
	android:name
		ADDED from src/main/AndroidManifest.xml:12:22-78
uses-permission#android.permission.FOREGROUND_SERVICE
ADDED from src/main/AndroidManifest.xml:13:5-77
	android:name
		ADDED from src/main/AndroidManifest.xml:13:22-74
uses-permission#android.permission.ACCESS_WIFI_STATE
ADDED from src/main/AndroidManifest.xml:15:5-76
	android:name
		ADDED from src/main/AndroidManifest.xml:15:22-73
uses-permission#android.permission.CHANGE_WIFI_MULTICAST_STATE
ADDED from src/main/AndroidManifest.xml:16:5-86
	android:name
		ADDED from src/main/AndroidManifest.xml:16:22-83
uses-permission#android.permission.REQUEST_IGNORE_BATTERY_OPTIMIZATIONS
ADDED from src/main/AndroidManifest.xml:21:5-95
	android:name
		ADDED from src/main/AndroidManifest.xml:21:22-92
application
ADDED from src/main/AndroidManifest.xml:23:5-218:19
MERGED from [:lib:client] AndroidManifest.xml:9:5-12:19
MERGED from [:lib:client] AndroidManifest.xml:9:5-12:19
MERGED from [:lib:helper] AndroidManifest.xml:9:5-12:19
MERGED from [:lib:helper] AndroidManifest.xml:9:5-12:19
MERGED from [net.i2p.android.ext:floatingactionbutton:1.10.1] AndroidManifest.xml:12:5-20
MERGED from [net.i2p.android.ext:floatingactionbutton:1.10.1] AndroidManifest.xml:12:5-20
MERGED from [com.pnikosis:materialish-progress:1.7] AndroidManifest.xml:11:5-20
MERGED from [com.pnikosis:materialish-progress:1.7] AndroidManifest.xml:11:5-20
MERGED from [org.sufficientlysecure:html-textview:3.1] AndroidManifest.xml:11:5-20
MERGED from [org.sufficientlysecure:html-textview:3.1] AndroidManifest.xml:11:5-20
MERGED from [com.android.support:support-compat:28.0.0] AndroidManifest.xml:22:5-94
MERGED from [com.android.support:support-compat:28.0.0] AndroidManifest.xml:22:5-94
MERGED from [com.android.support:versionedparcelable:28.0.0] AndroidManifest.xml:22:5-23:19
MERGED from [com.android.support:versionedparcelable:28.0.0] AndroidManifest.xml:22:5-23:19
	android:appComponentFactory
		ADDED from [com.android.support:support-compat:28.0.0] AndroidManifest.xml:22:18-91
	android:label
		ADDED from src/main/AndroidManifest.xml:25:9-41
	android:allowBackup
		ADDED from [:lib:client] AndroidManifest.xml:10:9-35
	android:icon
		ADDED from src/main/AndroidManifest.xml:24:9-53
	android:theme
		ADDED from src/main/AndroidManifest.xml:26:9-41
service#net.i2p.android.router.service.RouterService
ADDED from src/main/AndroidManifest.xml:27:9-34:19
	android:label
		ADDED from src/main/AndroidManifest.xml:30:13-45
	android:icon
		ADDED from src/main/AndroidManifest.xml:29:13-57
	android:name
		ADDED from src/main/AndroidManifest.xml:28:13-50
intent-filter#action:name:net.i2p.android.router.service.IRouterState
ADDED from src/main/AndroidManifest.xml:31:13-33:29
action#net.i2p.android.router.service.IRouterState
ADDED from src/main/AndroidManifest.xml:32:17-86
	android:name
		ADDED from src/main/AndroidManifest.xml:32:25-83
receiver#net.i2p.android.router.receiver.OnBootReceiver
ADDED from src/main/AndroidManifest.xml:38:9-42:20
	android:name
		ADDED from src/main/AndroidManifest.xml:38:19-58
intent-filter#action:name:android.intent.action.BOOT_COMPLETED
ADDED from src/main/AndroidManifest.xml:39:13-41:29
action#android.intent.action.BOOT_COMPLETED
ADDED from src/main/AndroidManifest.xml:40:17-79
	android:name
		ADDED from src/main/AndroidManifest.xml:40:25-76
activity#net.i2p.android.I2PActivity
ADDED from src/main/AndroidManifest.xml:44:9-71:20
	android:label
		ADDED from src/main/AndroidManifest.xml:47:13-45
	android:launchMode
		ADDED from src/main/AndroidManifest.xml:48:13-43
	android:icon
		ADDED from src/main/AndroidManifest.xml:46:13-57
	android:name
		ADDED from src/main/AndroidManifest.xml:45:13-55
intent-filter#action:name:android.intent.action.MAIN+category:name:android.intent.category.LAUNCHER
ADDED from src/main/AndroidManifest.xml:50:13-53:29
action#android.intent.action.MAIN
ADDED from src/main/AndroidManifest.xml:51:17-69
	android:name
		ADDED from src/main/AndroidManifest.xml:51:25-66
category#android.intent.category.LAUNCHER
ADDED from src/main/AndroidManifest.xml:52:17-77
	android:name
		ADDED from src/main/AndroidManifest.xml:52:27-74
intent-filter#action:name:net.i2p.android.router.START_I2P+category:name:android.intent.category.DEFAULT
ADDED from src/main/AndroidManifest.xml:54:13-57:29
action#net.i2p.android.router.START_I2P
ADDED from src/main/AndroidManifest.xml:55:17-75
	android:name
		ADDED from src/main/AndroidManifest.xml:55:25-72
category#android.intent.category.DEFAULT
ADDED from src/main/AndroidManifest.xml:56:17-76
	android:name
		ADDED from src/main/AndroidManifest.xml:56:27-73
intent-filter#action:name:android.intent.action.SEARCH
ADDED from src/main/AndroidManifest.xml:60:13-62:29
action#android.intent.action.SEARCH
ADDED from src/main/AndroidManifest.xml:61:17-71
	android:name
		ADDED from src/main/AndroidManifest.xml:61:25-68
intent-filter#action:name:android.intent.action.PICK+category:name:android.intent.category.DEFAULT
ADDED from src/main/AndroidManifest.xml:63:13-66:29
action#android.intent.action.PICK
ADDED from src/main/AndroidManifest.xml:64:17-69
	android:name
		ADDED from src/main/AndroidManifest.xml:64:25-66
meta-data#android.app.searchable
ADDED from src/main/AndroidManifest.xml:68:13-70:66
	android:resource
		ADDED from src/main/AndroidManifest.xml:70:17-63
	android:name
		ADDED from src/main/AndroidManifest.xml:69:17-54
activity#net.i2p.android.router.NewsActivity
ADDED from src/main/AndroidManifest.xml:72:9-80:20
	android:parentActivityName
		ADDED from src/main/AndroidManifest.xml:76:13-69
	android:label
		ADDED from src/main/AndroidManifest.xml:75:13-47
	android:configChanges
		ADDED from src/main/AndroidManifest.xml:74:13-63
	android:name
		ADDED from src/main/AndroidManifest.xml:73:13-41
meta-data#android.support.PARENT_ACTIVITY
ADDED from src/main/AndroidManifest.xml:77:13-79:63
	android:value
		ADDED from src/main/AndroidManifest.xml:79:17-60
	android:name
		ADDED from src/main/AndroidManifest.xml:78:17-63
activity#net.i2p.android.help.HelpActivity
ADDED from src/main/AndroidManifest.xml:81:9-88:20
	android:parentActivityName
		ADDED from src/main/AndroidManifest.xml:84:13-69
	android:label
		ADDED from src/main/AndroidManifest.xml:83:13-46
	android:name
		ADDED from src/main/AndroidManifest.xml:82:13-61
activity#net.i2p.android.help.BrowserConfigActivity
ADDED from src/main/AndroidManifest.xml:89:9-96:20
	android:parentActivityName
		ADDED from src/main/AndroidManifest.xml:92:13-69
	android:label
		ADDED from src/main/AndroidManifest.xml:91:13-64
	android:name
		ADDED from src/main/AndroidManifest.xml:90:13-70
activity#net.i2p.android.router.LicenseActivity
ADDED from src/main/AndroidManifest.xml:97:9-104:20
	android:parentActivityName
		ADDED from src/main/AndroidManifest.xml:100:13-75
	android:label
		ADDED from src/main/AndroidManifest.xml:99:13-51
	android:name
		ADDED from src/main/AndroidManifest.xml:98:13-44
activity#net.i2p.android.router.web.WebActivity
ADDED from src/main/AndroidManifest.xml:105:9-121:20
	android:label
		ADDED from src/main/AndroidManifest.xml:108:13-44
	android:configChanges
		ADDED from src/main/AndroidManifest.xml:107:13-63
	android:name
		ADDED from src/main/AndroidManifest.xml:106:13-44
intent-filter#action:name:android.intent.action.VIEW+category:name:android.intent.category.BROWSABLE+category:name:android.intent.category.DEFAULT+data:host:*.i2p+data:scheme:http
ADDED from src/main/AndroidManifest.xml:111:13-120:29
action#android.intent.action.VIEW
ADDED from src/main/AndroidManifest.xml:112:17-69
	android:name
		ADDED from src/main/AndroidManifest.xml:112:25-66
category#android.intent.category.BROWSABLE
ADDED from src/main/AndroidManifest.xml:115:17-78
	android:name
		ADDED from src/main/AndroidManifest.xml:115:27-75
data
ADDED from src/main/AndroidManifest.xml:117:17-119:45
	android:host
		ADDED from src/main/AndroidManifest.xml:118:21-41
	android:scheme
		ADDED from src/main/AndroidManifest.xml:119:21-42
activity#net.i2p.android.router.SettingsActivity
ADDED from src/main/AndroidManifest.xml:122:9-129:20
	android:parentActivityName
		ADDED from src/main/AndroidManifest.xml:125:13-69
	android:label
		ADDED from src/main/AndroidManifest.xml:124:13-50
	android:name
		ADDED from src/main/AndroidManifest.xml:123:13-45
activity#net.i2p.android.router.addressbook.AddressbookSettingsActivity
ADDED from src/main/AndroidManifest.xml:130:9-138:20
	android:parentActivityName
		ADDED from src/main/AndroidManifest.xml:134:13-69
	android:label
		ADDED from src/main/AndroidManifest.xml:132:13-54
	android:launchMode
		ADDED from src/main/AndroidManifest.xml:133:13-43
	android:name
		ADDED from src/main/AndroidManifest.xml:131:13-68
activity#net.i2p.android.router.addressbook.AddressbookAddWizardActivity
ADDED from src/main/AndroidManifest.xml:139:9-145:20
	android:parentActivityName
		ADDED from src/main/AndroidManifest.xml:141:13-69
	android:name
		ADDED from src/main/AndroidManifest.xml:140:13-69
activity#net.i2p.android.i2ptunnel.TunnelDetailActivity
ADDED from src/main/AndroidManifest.xml:146:9-152:20
	android:parentActivityName
		ADDED from src/main/AndroidManifest.xml:148:13-69
	android:name
		ADDED from src/main/AndroidManifest.xml:147:13-74
activity#net.i2p.android.i2ptunnel.preferences.EditTunnelActivity
ADDED from src/main/AndroidManifest.xml:153:9-160:20
	android:parentActivityName
		ADDED from src/main/AndroidManifest.xml:156:13-88
	android:label
		ADDED from src/main/AndroidManifest.xml:155:13-48
	android:name
		ADDED from src/main/AndroidManifest.xml:154:13-84
activity#net.i2p.android.i2ptunnel.TunnelWizardActivity
ADDED from src/main/AndroidManifest.xml:161:9-167:20
	android:parentActivityName
		ADDED from src/main/AndroidManifest.xml:163:13-69
	android:name
		ADDED from src/main/AndroidManifest.xml:162:13-74
activity#net.i2p.android.router.log.LogActivity
ADDED from src/main/AndroidManifest.xml:168:9-175:20
	android:parentActivityName
		ADDED from src/main/AndroidManifest.xml:171:13-69
	android:label
		ADDED from src/main/AndroidManifest.xml:170:13-47
	android:name
		ADDED from src/main/AndroidManifest.xml:169:13-44
activity#net.i2p.android.router.log.LogDetailActivity
ADDED from src/main/AndroidManifest.xml:176:9-183:20
	android:parentActivityName
		ADDED from src/main/AndroidManifest.xml:179:13-58
	android:label
		ADDED from src/main/AndroidManifest.xml:178:13-46
	android:name
		ADDED from src/main/AndroidManifest.xml:177:13-50
activity#net.i2p.android.router.stats.RateGraphActivity
ADDED from src/main/AndroidManifest.xml:184:9-191:20
	android:parentActivityName
		ADDED from src/main/AndroidManifest.xml:187:13-69
	android:label
		ADDED from src/main/AndroidManifest.xml:186:13-49
	android:name
		ADDED from src/main/AndroidManifest.xml:185:13-52
activity#net.i2p.android.router.stats.PeersActivity
ADDED from src/main/AndroidManifest.xml:192:9-201:20
	android:parentActivityName
		ADDED from src/main/AndroidManifest.xml:197:13-69
	android:label
		ADDED from src/main/AndroidManifest.xml:195:13-55
	android:launchMode
		ADDED from src/main/AndroidManifest.xml:196:13-43
	android:configChanges
		ADDED from src/main/AndroidManifest.xml:194:13-63
	android:name
		ADDED from src/main/AndroidManifest.xml:193:13-48
activity#net.i2p.android.router.netdb.NetDbActivity
ADDED from src/main/AndroidManifest.xml:202:9-209:20
	android:parentActivityName
		ADDED from src/main/AndroidManifest.xml:205:13-69
	android:label
		ADDED from src/main/AndroidManifest.xml:204:13-34
	android:name
		ADDED from src/main/AndroidManifest.xml:203:13-48
activity#net.i2p.android.router.netdb.NetDbDetailActivity
ADDED from src/main/AndroidManifest.xml:210:9-217:20
	android:parentActivityName
		ADDED from src/main/AndroidManifest.xml:213:13-62
	android:label
		ADDED from src/main/AndroidManifest.xml:212:13-41
	android:name
		ADDED from src/main/AndroidManifest.xml:211:13-54